<?xml version="1.0" encoding="UTF-8"?>
<!-- Generated by org.testng.reporters.JUnitReportReporter -->
<testsuite skipped="0" hostname="DESKTOP-48DV5E4" name="com.class03.GroupsExample" tests="4" failures="0" timestamp="17 Jun 2019 15:55:00 GMT" time="0.004" errors="0">
  <testcase name="Three" time="0.000" classname="com.class03.GroupsExample"/>
  <testcase name="Two" time="0.001" classname="com.class03.GroupsExample"/>
  <testcase name="Four" time="0.003" classname="com.class03.GroupsExample"/>
  <testcase name="One" time="0.000" classname="com.class03.GroupsExample"/>
</testsuite> <!-- com.class03.GroupsExample -->
