<?xml version="1.0" encoding="UTF-8"?>
<!-- Generated by org.testng.reporters.JUnitReportReporter -->
<testsuite skipped="0" hostname="DESKTOP-48DV5E4" name="com.class01.beforeAndAfterMethod" tests="2" failures="0" timestamp="12 Jun 2019 18:17:19 GMT" time="0.013" errors="0">
  <testcase name="testMethodTwo" time="0.003" classname="com.class01.beforeAndAfterMethod"/>
  <testcase name="testMethodOne" time="0.010" classname="com.class01.beforeAndAfterMethod"/>
</testsuite> <!-- com.class01.beforeAndAfterMethod -->
