<?xml version="1.0" encoding="UTF-8"?>
<!-- Generated by org.testng.reporters.JUnitReportReporter -->
<testsuite skipped="2" hostname="DESKTOP-48DV5E4" name="com.class02.EnableAndDisable" tests="4" failures="0" timestamp="13 Jun 2019 17:46:52 GMT" time="0.009" errors="0">
  <testcase name="fourth" time="0.007" classname="com.class02.EnableAndDisable"/>
  <testcase name="second" time="0.002" classname="com.class02.EnableAndDisable"/>
  <testcase name="third" classname="com.class02.EnableAndDisable">
    <skipped/>
  </testcase> <!-- third -->
  <testcase name="first" classname="com.class02.EnableAndDisable">
    <skipped/>
  </testcase> <!-- first -->
</testsuite> <!-- com.class02.EnableAndDisable -->
