<?xml version="1.0" encoding="UTF-8"?>
<!-- Generated by org.testng.reporters.JUnitReportReporter -->
<testsuite skipped="0" hostname="DESKTOP-48DV5E4" name="com.class02.priortyExampleTwo" tests="2" failures="0" timestamp="13 Jun 2019 17:44:23 GMT" time="5.314" errors="0">
  <testcase name="login" time="3.168" classname="com.class02.priortyExampleTwo"/>
  <testcase name="mainPage" time="2.146" classname="com.class02.priortyExampleTwo"/>
</testsuite> <!-- com.class02.priortyExampleTwo -->
