<?xml version="1.0" encoding="UTF-8"?>
<!-- Generated by org.testng.reporters.JUnitReportReporter -->
<testsuite skipped="0" hostname="DESKTOP-48DV5E4" name="com.class02.SmartBearSoftwareExample" tests="3" failures="0" timestamp="31 May 2019 00:24:52 GMT" time="0.771" errors="0">
  <testcase name="loginScrenTitle" time="0.025" classname="com.class02.SmartBearSoftwareExample"/>
  <testcase name="login" time="0.683" classname="com.class02.SmartBearSoftwareExample"/>
  <testcase name="webOrders" time="0.063" classname="com.class02.SmartBearSoftwareExample"/>
</testsuite> <!-- com.class02.SmartBearSoftwareExample -->
