<?xml version="1.0" encoding="UTF-8"?>
<!-- Generated by org.testng.reporters.JUnitReportReporter -->
<testsuite skipped="0" hostname="DESKTOP-48DV5E4" name="com.class05.demoTest" tests="2" failures="0" timestamp="12 Jun 2019 01:46:48 GMT" time="11.601" errors="0">
  <testcase name="testCrossBrowser" time="5.918" classname="com.class05.demoTest"/>
  <testcase name="testCrossBrowser" time="5.683" classname="com.class05.demoTest"/>
</testsuite> <!-- com.class05.demoTest -->
