<?xml version="1.0" encoding="UTF-8"?>
<!-- Generated by org.testng.reporters.JUnitReportReporter -->
<testsuite skipped="0" hostname="DESKTOP-48DV5E4" name="com.class04.TaskOne" tests="1" failures="0" timestamp="18 Jun 2019 15:55:43 GMT" time="6.782" errors="0">
  <testcase name="UserName1" time="6.782" classname="com.class04.TaskOne"/>
</testsuite> <!-- com.class04.TaskOne -->
