<?xml version="1.0" encoding="UTF-8"?>
<!-- Generated by org.testng.reporters.JUnitReportReporter -->
<testsuite skipped="0" hostname="DESKTOP-48DV5E4" name="com.class02.SoftAndHardAssertExample" tests="2" failures="0" timestamp="13 Jun 2019 18:12:14 GMT" time="0.087" errors="0">
  <testcase name="OrangeHrmLoginScreen" time="0.013" classname="com.class02.SoftAndHardAssertExample"/>
  <testcase name="logo" time="0.074" classname="com.class02.SoftAndHardAssertExample"/>
</testsuite> <!-- com.class02.SoftAndHardAssertExample -->
