<?xml version="1.0" encoding="UTF-8"?>
<!-- Generated by org.testng.reporters.JUnitReportReporter -->
<testsuite skipped="0" hostname="DESKTOP-48DV5E4" name="com.class04.ToolsQaExample" tests="4" failures="0" timestamp="18 Jun 2019 17:28:07 GMT" time="34.401" errors="0">
  <testcase name="getData" time="10.443" classname="com.class04.ToolsQaExample"/>
  <testcase name="getData" time="8.960" classname="com.class04.ToolsQaExample"/>
  <testcase name="getData" time="7.499" classname="com.class04.ToolsQaExample"/>
  <testcase name="getData" time="7.499" classname="com.class04.ToolsQaExample"/>
</testsuite> <!-- com.class04.ToolsQaExample -->
