<?xml version="1.0" encoding="UTF-8"?>
<!-- Generated by org.testng.reporters.JUnitReportReporter -->
<testsuite skipped="0" hostname="DESKTOP-48DV5E4" name="com.class03.TaskOne" tests="1" failures="0" timestamp="17 Jun 2019 16:10:50 GMT" time="0.339" errors="0">
  <testcase name="userOne" time="0.339" classname="com.class03.TaskOne"/>
</testsuite> <!-- com.class03.TaskOne -->
