<?xml version="1.0" encoding="UTF-8"?>
<!-- Generated by org.testng.reporters.JUnitReportReporter -->
<testsuite skipped="0" hostname="DESKTOP-48DV5E4" name="com.class02.EnableAndDisableTwo" tests="4" failures="0" timestamp="13 Jun 2019 17:35:43 GMT" time="0.010" errors="0">
  <testcase name="third" time="0.001" classname="com.class02.EnableAndDisableTwo"/>
  <testcase name="fourth" time="0.008" classname="com.class02.EnableAndDisableTwo"/>
  <testcase name="second" time="0.001" classname="com.class02.EnableAndDisableTwo"/>
  <testcase name="first" time="0.000" classname="com.class02.EnableAndDisableTwo"/>
</testsuite> <!-- com.class02.EnableAndDisableTwo -->
