<?xml version="1.0" encoding="UTF-8"?>
<!-- Generated by org.testng.reporters.JUnitReportReporter -->
<testsuite skipped="0" hostname="DESKTOP-48DV5E4" name="com.class03.MethodsExample" tests="3" failures="0" timestamp="06 Jun 2019 00:53:58 GMT" time="0.009" errors="0">
  <testcase name="Three" time="0.001" classname="com.class03.MethodsExample"/>
  <testcase name="Two" time="0.001" classname="com.class03.MethodsExample"/>
  <testcase name="One" time="0.007" classname="com.class03.MethodsExample"/>
</testsuite> <!-- com.class03.MethodsExample -->
