<?xml version="1.0" encoding="UTF-8"?>
<!-- Generated by org.testng.reporters.JUnitReportReporter -->
<testsuite skipped="0" hostname="DESKTOP-48DV5E4" name="com.class03.BasicXMLPartTwo" tests="3" failures="0" timestamp="17 Jun 2019 14:29:53 GMT" time="0.004" errors="0">
  <testcase name="testThirdFromBasic1" time="0.002" classname="com.class03.BasicXMLPartTwo"/>
  <testcase name="testSceondFromBasic1" time="0.001" classname="com.class03.BasicXMLPartTwo"/>
  <testcase name="tesOneFromBasic1" time="0.001" classname="com.class03.BasicXMLPartTwo"/>
</testsuite> <!-- com.class03.BasicXMLPartTwo -->
