<?xml version="1.0" encoding="UTF-8"?>
<!-- Generated by org.testng.reporters.JUnitReportReporter -->
<testsuite skipped="0" hostname="DESKTOP-48DV5E4"
	name="com.class01.orangehrmExample" tests="1" failures="0"
	timestamp="29 May 2019 02:04:08 GMT" time="16.161" errors="0">
	<testcase name="login" time="16.161"
		classname="com.class01.orangehrmExample" />
</testsuite> <!-- com.class01.orangehrmExample -->
