<?xml version="1.0" encoding="UTF-8"?>
<!-- Generated by org.testng.reporters.JUnitReportReporter -->
<testsuite skipped="0" hostname="DESKTOP-48DV5E4" name="com.class05.TaskOne" tests="2" failures="0" timestamp="18 Jun 2019 20:15:28 GMT" time="12.520" errors="2">
  <testcase name="testUsers" time="6.056" classname="com.class05.TaskOne">
    <error type="java.lang.UnsatisfiedLinkError" message="sun.nio.ch.FileDispatcherImpl.seek0(Ljava/io/FileDescriptor;J)J">
      <![CDATA[java.lang.UnsatisfiedLinkError: sun.nio.ch.FileDispatcherImpl.seek0(Ljava/io/FileDescriptor;J)J
at sun.nio.ch.FileDispatcherImpl.seek0(Native Method)
at sun.nio.ch.FileDispatcherImpl.seek(Unknown Source)
at sun.nio.ch.FileChannelImpl.position(Unknown Source)
at sun.nio.ch.FileChannelImpl.transferFromFileChannel(Unknown Source)
at sun.nio.ch.FileChannelImpl.transferFrom(Unknown Source)
at org.apache.commons.io.FileUtils.doCopyFile(FileUtils.java:1131)
at org.apache.commons.io.FileUtils.copyFile(FileUtils.java:1076)
at org.apache.commons.io.FileUtils.copyFile(FileUtils.java:1028)
at utils.CommonMethods.takeScreenshot(CommonMethods.java:209)
at com.class05.TaskOne.testUsers(TaskOne.java:77)
at sun.reflect.NativeMethodAccessorImpl.invoke0(Native Method)
at sun.reflect.NativeMethodAccessorImpl.invoke(Unknown Source)
at sun.reflect.DelegatingMethodAccessorImpl.invoke(Unknown Source)
at java.lang.reflect.Method.invoke(Unknown Source)
at org.testng.internal.MethodInvocationHelper.invokeMethod(MethodInvocationHelper.java:124)
at org.testng.internal.Invoker.invokeMethod(Invoker.java:583)
at org.testng.internal.Invoker.invokeTestMethod(Invoker.java:719)
at org.testng.internal.Invoker.invokeTestMethods(Invoker.java:989)
at org.testng.internal.TestMethodWorker.invokeTestMethods(TestMethodWorker.java:125)
at org.testng.internal.TestMethodWorker.run(TestMethodWorker.java:109)
at org.testng.TestRunner.privateRun(TestRunner.java:648)
at org.testng.TestRunner.run(TestRunner.java:505)
at org.testng.SuiteRunner.runTest(SuiteRunner.java:455)
at org.testng.SuiteRunner.runSequentially(SuiteRunner.java:450)
at org.testng.SuiteRunner.privateRun(SuiteRunner.java:415)
at org.testng.SuiteRunner.run(SuiteRunner.java:364)
at org.testng.SuiteRunnerWorker.runSuite(SuiteRunnerWorker.java:52)
at org.testng.SuiteRunnerWorker.run(SuiteRunnerWorker.java:84)
at org.testng.TestNG.runSuitesSequentially(TestNG.java:1208)
at org.testng.TestNG.runSuitesLocally(TestNG.java:1137)
at org.testng.TestNG.runSuites(TestNG.java:1049)
at org.testng.TestNG.run(TestNG.java:1017)
at org.testng.remote.AbstractRemoteTestNG.run(AbstractRemoteTestNG.java:115)
at org.testng.remote.RemoteTestNG.initAndRun(RemoteTestNG.java:251)
at org.testng.remote.RemoteTestNG.main(RemoteTestNG.java:77)
]]>
    </error>
  </testcase> <!-- testUsers -->
  <testcase name="testUsers" time="6.464" classname="com.class05.TaskOne">
    <error type="java.lang.UnsatisfiedLinkError" message="sun.nio.ch.FileDispatcherImpl.seek0(Ljava/io/FileDescriptor;J)J">
      <![CDATA[java.lang.UnsatisfiedLinkError: sun.nio.ch.FileDispatcherImpl.seek0(Ljava/io/FileDescriptor;J)J
at sun.nio.ch.FileDispatcherImpl.seek0(Native Method)
at sun.nio.ch.FileDispatcherImpl.seek(Unknown Source)
at sun.nio.ch.FileChannelImpl.position(Unknown Source)
at sun.nio.ch.FileChannelImpl.transferFromFileChannel(Unknown Source)
at sun.nio.ch.FileChannelImpl.transferFrom(Unknown Source)
at org.apache.commons.io.FileUtils.doCopyFile(FileUtils.java:1131)
at org.apache.commons.io.FileUtils.copyFile(FileUtils.java:1076)
at org.apache.commons.io.FileUtils.copyFile(FileUtils.java:1028)
at utils.CommonMethods.takeScreenshot(CommonMethods.java:209)
at com.class05.TaskOne.testUsers(TaskOne.java:74)
at sun.reflect.NativeMethodAccessorImpl.invoke0(Native Method)
at sun.reflect.NativeMethodAccessorImpl.invoke(Unknown Source)
at sun.reflect.DelegatingMethodAccessorImpl.invoke(Unknown Source)
at java.lang.reflect.Method.invoke(Unknown Source)
at org.testng.internal.MethodInvocationHelper.invokeMethod(MethodInvocationHelper.java:124)
at org.testng.internal.Invoker.invokeMethod(Invoker.java:583)
at org.testng.internal.Invoker.invokeTestMethod(Invoker.java:719)
at org.testng.internal.Invoker.invokeTestMethods(Invoker.java:989)
at org.testng.internal.TestMethodWorker.invokeTestMethods(TestMethodWorker.java:125)
at org.testng.internal.TestMethodWorker.run(TestMethodWorker.java:109)
at org.testng.TestRunner.privateRun(TestRunner.java:648)
at org.testng.TestRunner.run(TestRunner.java:505)
at org.testng.SuiteRunner.runTest(SuiteRunner.java:455)
at org.testng.SuiteRunner.runSequentially(SuiteRunner.java:450)
at org.testng.SuiteRunner.privateRun(SuiteRunner.java:415)
at org.testng.SuiteRunner.run(SuiteRunner.java:364)
at org.testng.SuiteRunnerWorker.runSuite(SuiteRunnerWorker.java:52)
at org.testng.SuiteRunnerWorker.run(SuiteRunnerWorker.java:84)
at org.testng.TestNG.runSuitesSequentially(TestNG.java:1208)
at org.testng.TestNG.runSuitesLocally(TestNG.java:1137)
at org.testng.TestNG.runSuites(TestNG.java:1049)
at org.testng.TestNG.run(TestNG.java:1017)
at org.testng.remote.AbstractRemoteTestNG.run(AbstractRemoteTestNG.java:115)
at org.testng.remote.RemoteTestNG.initAndRun(RemoteTestNG.java:251)
at org.testng.remote.RemoteTestNG.main(RemoteTestNG.java:77)
]]>
    </error>
  </testcase> <!-- testUsers -->
</testsuite> <!-- com.class05.TaskOne -->
