<?xml version="1.0" encoding="UTF-8"?>
<!-- Generated by org.testng.reporters.JUnitReportReporter -->
<testsuite skipped="0" hostname="DESKTOP-48DV5E4" name="com.class03.TaskOneAgain" tests="1" failures="0" timestamp="17 Jun 2019 16:37:09 GMT" time="2.322" errors="0">
  <testcase name="login" time="2.322" classname="com.class03.TaskOneAgain"/>
</testsuite> <!-- com.class03.TaskOneAgain -->
