<?xml version="1.0" encoding="UTF-8"?>
<!-- Generated by org.testng.reporters.JUnitReportReporter -->
<testsuite skipped="0" hostname="DESKTOP-48DV5E4" name="com.class01.Annotations" tests="2" failures="0" timestamp="12 Jun 2019 18:42:03 GMT" time="0.008" errors="0">
  <testcase name="testTwo" time="0.001" classname="com.class01.Annotations"/>
  <testcase name="testOne" time="0.007" classname="com.class01.Annotations"/>
</testsuite> <!-- com.class01.Annotations -->
