<?xml version="1.0" encoding="UTF-8"?>
<!-- Generated by org.testng.reporters.JUnitReportReporter -->
<testsuite skipped="0" hostname="DESKTOP-48DV5E4" name="com.class04.DataProviderTest" tests="3" failures="0" timestamp="07 Jun 2019 02:13:10 GMT" time="0.013" errors="0">
  <testcase name="getData" time="0.010" classname="com.class04.DataProviderTest"/>
  <testcase name="getData" time="0.002" classname="com.class04.DataProviderTest"/>
  <testcase name="getData" time="0.001" classname="com.class04.DataProviderTest"/>
</testsuite> <!-- com.class04.DataProviderTest -->
