<?xml version="1.0" encoding="UTF-8"?>
<!-- Generated by org.testng.reporters.JUnitReportReporter -->
<testsuite skipped="0" hostname="DESKTOP-48DV5E4" name="com.class01.Task1" tests="1" failures="0" timestamp="13 Jun 2019 17:53:54 GMT" time="16.570" errors="0">
  <testcase name="login" time="16.570" classname="com.class01.Task1"/>
</testsuite> <!-- com.class01.Task1 -->
