<?xml version="1.0" encoding="UTF-8"?>
<!-- Generated by org.testng.reporters.JUnitReportReporter -->
<testsuite skipped="0" hostname="DESKTOP-48DV5E4" name="com.class04.parameterExampleTwo" tests="1" failures="0" timestamp="07 Jun 2019 02:15:21 GMT" time="6.096" errors="0">
  <testcase name="testGoogle" time="6.096" classname="com.class04.parameterExampleTwo"/>
</testsuite> <!-- com.class04.parameterExampleTwo -->
