<?xml version="1.0" encoding="UTF-8"?>
<!-- Generated by org.testng.reporters.JUnitReportReporter -->
<testsuite skipped="0" hostname="DESKTOP-48DV5E4" name="com.class04.parameterExampleOne" tests="1" failures="0" timestamp="07 Jun 2019 01:17:49 GMT" time="0.012" errors="0">
  <testcase name="userNames" time="0.012" classname="com.class04.parameterExampleOne"/>
</testsuite> <!-- com.class04.parameterExampleOne -->
